0 silly argv {
0 silly argv   _: [ 'bootstrap' ],
0 silly argv   hoist: true,
0 silly argv   lernaVersion: '4.0.0',
0 silly argv   '$0': '/Users/andy.bincrypto.com/Documents/Github/monacohq/deficonnect-monorepo/node_modules/.bin/lerna'
0 silly argv }
1 notice cli v4.0.0
2 verbose rootPath /Users/andy.bincrypto.com/Documents/Github/monacohq/deficonnect-monorepo
3 error JSONError: Unexpected token "}" (0x7D) in JSON at position 1470 while parsing near "...adata\": \"^1.0.0\",\n  }\n}\n" in packages/mobile-provider/package.json
3 error
3 error [0m [90m 47 |[39m     [32m"@deficonnect/utils"[39m[33m:[39m [32m"^2.0.0-dev.0"[39m[33m,[39m[0m
3 error [0m [90m 48 |[39m     [32m"@walletconnect/window-metadata"[39m[33m:[39m [32m"^1.0.0"[39m[33m,[39m[0m
3 error [0m[31m[1m>[22m[39m[90m 49 |[39m   }[0m
3 error [0m [90m    |[39m   [31m[1m^[22m[39m[0m
3 error [0m [90m 50 |[39m }[0m
3 error [0m [90m 51 |[39m[0m
3 error
3 error     at parseJson (/Users/andy.bincrypto.com/Documents/Github/monacohq/deficonnect-monorepo/node_modules/load-json-file/node_modules/parse-json/index.js:29:21)
3 error     at parse (/Users/andy.bincrypto.com/Documents/Github/monacohq/deficonnect-monorepo/node_modules/load-json-file/index.js:15:9)
3 error     at module.exports (/Users/andy.bincrypto.com/Documents/Github/monacohq/deficonnect-monorepo/node_modules/load-json-file/index.js:18:47)
